d:\scoala\anul2\sem1\poo\proiect\test\interfata grafica\cppwinform1\cppwinform1\debug\vc140.pdb
d:\scoala\anul2\sem1\poo\proiect\test\interfata grafica\cppwinform1\cppwinform1\debug\myform1.obj
d:\scoala\anul2\sem1\poo\proiect\test\interfata grafica\cppwinform1\cppwinform1\debug\myform.obj
d:\scoala\anul2\sem1\poo\proiect\test\interfata grafica\cppwinform1\cppwinform1\debug\.netframework,version=v4.5.2.assemblyattributes.obj
d:\scoala\anul2\sem1\poo\proiect\test\interfata grafica\cppwinform1\cppwinform1\debug\.netframework,version=v4.5.2.assemblyattributes.asm
d:\scoala\anul2\sem1\poo\proiect\test\interfata grafica\cppwinform1\debug\mysql.data.dll
d:\scoala\anul2\sem1\poo\proiect\test\interfata grafica\cppwinform1\debug\mysql.data.xml
d:\scoala\anul2\sem1\poo\proiect\test\interfata grafica\cppwinform1\cppwinform1\debug\cppwinform1.myform.resources
d:\scoala\anul2\sem1\poo\proiect\test\interfata grafica\cppwinform1\cppwinform1\debug\cppwinform1.myform1.resources
d:\scoala\anul2\sem1\poo\proiect\test\interfata grafica\cppwinform1\cppwinform1\debug\cppwinform1.tlog\metagen.write.1.tlog
d:\scoala\anul2\sem1\poo\proiect\test\interfata grafica\cppwinform1\cppwinform1\debug\cppwinform1.res
d:\scoala\anul2\sem1\poo\proiect\test\interfata grafica\cppwinform1\cppwinform1\debug\cppwinform1.vcxproj.generateresource.cache
d:\scoala\anul2\sem1\poo\proiect\test\interfata grafica\cppwinform1\debug\cppwinform1.pdb
d:\scoala\anul2\sem1\poo\proiect\test\interfata grafica\cppwinform1\debug\cppwinform1.exe
d:\scoala\anul2\sem1\poo\proiect\test\interfata grafica\cppwinform1\cppwinform1\debug\cppwinform1.tlog\cl.command.1.tlog
d:\scoala\anul2\sem1\poo\proiect\test\interfata grafica\cppwinform1\cppwinform1\debug\cppwinform1.tlog\cl.read.1.tlog
d:\scoala\anul2\sem1\poo\proiect\test\interfata grafica\cppwinform1\cppwinform1\debug\cppwinform1.tlog\cl.write.1.tlog
d:\scoala\anul2\sem1\poo\proiect\test\interfata grafica\cppwinform1\cppwinform1\debug\cppwinform1.tlog\cppwinform1.write.1u.tlog
d:\scoala\anul2\sem1\poo\proiect\test\interfata grafica\cppwinform1\cppwinform1\debug\cppwinform1.tlog\link.command.1.tlog
d:\scoala\anul2\sem1\poo\proiect\test\interfata grafica\cppwinform1\cppwinform1\debug\cppwinform1.tlog\link.read.1.tlog
d:\scoala\anul2\sem1\poo\proiect\test\interfata grafica\cppwinform1\cppwinform1\debug\cppwinform1.tlog\link.write.1.tlog
d:\scoala\anul2\sem1\poo\proiect\test\interfata grafica\cppwinform1\cppwinform1\debug\cppwinform1.tlog\metagen.read.1.tlog
d:\scoala\anul2\sem1\poo\proiect\test\interfata grafica\cppwinform1\cppwinform1\debug\cppwinform1.tlog\rc.command.1.tlog
d:\scoala\anul2\sem1\poo\proiect\test\interfata grafica\cppwinform1\cppwinform1\debug\cppwinform1.tlog\rc.read.1.tlog
d:\scoala\anul2\sem1\poo\proiect\test\interfata grafica\cppwinform1\cppwinform1\debug\cppwinform1.tlog\rc.write.1.tlog
d:\scoala\anul2\sem1\poo\proiect\test\interfata grafica\cppwinform1\cppwinform1\debug\cppwinform1.tlog\mysql.data.dll.metagen
d:\scoala\anul2\sem1\poo\proiect\test\interfata grafica\cppwinform1\cppwinform1\debug\cppwinform1.tlog\rsaenh.dll.bi
d:\scoala\anul2\sem1\poo\proiect\test\interfata grafica\cppwinform1\cppwinform1\debug\cppwinform1.tlog\tzres.dll.bi
